# JRE version: OpenJDK Runtime Environment Temurin-21.0.9+10 (21.0.9+10) (build 21.0.9+10-LTS)
# Java VM: OpenJDK 64-Bit Server VM Temurin-21.0.9+10 (21.0.9+10-LTS, mixed mode, sharing, tiered, compressed oops, compressed class ptrs, g1 gc, windows-amd64)
GC Precious Log:
 CardTable entry size: 512
 Card Set container configuration: InlinePtr #cards 4 size 8 Array Of Cards #cards 16 size 48 Howl #buckets 8 coarsen threshold 3686 Howl Bitmap #cards 512 size 80 coarsen threshold 460 Card regions per heap region 1 cards per card region 4096
 CPUs: 8 total, 8 available
 Memory: 16075M
 Large Page Support: Disabled
 NUMA Support: Disabled
 Compressed Oops: Enabled (Zero based)
 Heap Region Size: 2M
 Heap Min Capacity: 8M
 Heap Initial Capacity: 252M
 Heap Max Capacity: 4020M
 Pre-touch: Disabled
 Parallel Workers: 8
 Concurrent Workers: 2
 Concurrent Refinement Workers: 8
 Periodic GC: Disabled
Heap:
 garbage-first heap   total 239616K, used 152924K [0x0000000704c00000, 0x0000000800000000)
  region size 2048K, 42 young (86016K), 6 survivors (12288K)
 Metaspace       used 72612K, committed 74176K, reserved 1114112K
  class space    used 8339K, committed 9024K, reserved 1048576K
GC Heap History (20 events):
Event: 102.607 GC heap before
{Heap before GC invocations=29 (full 0):
 garbage-first heap   total 110592K, used 88098K [0x0000000704c00000, 0x0000000800000000)
  region size 2048K, 14 young (28672K), 2 survivors (4096K)
 Metaspace       used 61942K, committed 63232K, reserved 1114112K
  class space    used 7300K, committed 7808K, reserved 1048576K
}
Event: 102.612 GC heap after
{Heap after GC invocations=30 (full 0):
 garbage-first heap   total 110592K, used 66014K [0x0000000704c00000, 0x0000000800000000)
  region size 2048K, 2 young (4096K), 2 survivors (4096K)
 Metaspace       used 61942K, committed 63232K, reserved 1114112K
  class space    used 7300K, committed 7808K, reserved 1048576K
}
Event: 102.890 GC heap before
{Heap before GC invocations=30 (full 0):
 garbage-first heap   total 110592K, used 98782K [0x0000000704c00000, 0x0000000800000000)
  region size 2048K, 18 young (36864K), 2 survivors (4096K)
 Metaspace       used 62000K, committed 63296K, reserved 1114112K
  class space    used 7303K, committed 7808K, reserved 1048576K
}
Event: 102.896 GC heap after
{Heap after GC invocations=31 (full 0):
 garbage-first heap   total 110592K, used 68568K [0x0000000704c00000, 0x0000000800000000)
  region size 2048K, 3 young (6144K), 3 survivors (6144K)
 Metaspace       used 62000K, committed 63296K, reserved 1114112K
  class space    used 7303K, committed 7808K, reserved 1048576K
}
Event: 104.307 GC heap before
{Heap before GC invocations=31 (full 0):
 garbage-first heap   total 110592K, used 101336K [0x0000000704c00000, 0x0000000800000000)
  region size 2048K, 19 young (38912K), 3 survivors (6144K)
 Metaspace       used 64793K, committed 66176K, reserved 1114112K
  class space    used 7629K, committed 8192K, reserved 1048576K
}
Event: 104.311 GC heap after
{Heap after GC invocations=32 (full 0):
 garbage-first heap   total 241664K, used 69529K [0x0000000704c00000, 0x0000000800000000)
  region size 2048K, 2 young (4096K), 2 survivors (4096K)
 Metaspace       used 64793K, committed 66176K, reserved 1114112K
  class space    used 7629K, committed 8192K, reserved 1048576K
}
Event: 107.572 GC heap before
{Heap before GC invocations=33 (full 0):
 garbage-first heap   total 239616K, used 206745K [0x0000000704c00000, 0x0000000800000000)
  region size 2048K, 70 young (143360K), 2 survivors (4096K)
 Metaspace       used 70071K, committed 71488K, reserved 1114112K
  class space    used 8103K, committed 8768K, reserved 1048576K
}
Event: 107.579 GC heap after
{Heap after GC invocations=34 (full 0):
 garbage-first heap   total 239616K, used 73060K [0x0000000704c00000, 0x0000000800000000)
  region size 2048K, 4 young (8192K), 4 survivors (8192K)
 Metaspace       used 70071K, committed 71488K, reserved 1114112K
  class space    used 8103K, committed 8768K, reserved 1048576K
}
Event: 110.028 GC heap before
{Heap before GC invocations=34 (full 0):
 garbage-first heap   total 239616K, used 208228K [0x0000000704c00000, 0x0000000800000000)
  region size 2048K, 70 young (143360K), 4 survivors (8192K)
 Metaspace       used 70099K, committed 71616K, reserved 1114112K
  class space    used 8103K, committed 8768K, reserved 1048576K
}
Event: 110.033 GC heap after
{Heap after GC invocations=35 (full 0):
 garbage-first heap   total 239616K, used 74569K [0x0000000704c00000, 0x0000000800000000)
  region size 2048K, 5 young (10240K), 5 survivors (10240K)
 Metaspace       used 70099K, committed 71616K, reserved 1114112K
  class space    used 8103K, committed 8768K, reserved 1048576K
}
Event: 112.404 GC heap before
{Heap before GC invocations=35 (full 0):
 garbage-first heap   total 239616K, used 205641K [0x0000000704c00000, 0x0000000800000000)
  region size 2048K, 70 young (143360K), 5 survivors (10240K)
 Metaspace       used 70138K, committed 71616K, reserved 1114112K
  class space    used 8107K, committed 8768K, reserved 1048576K
}
Event: 112.409 GC heap after
{Heap after GC invocations=36 (full 0):
 garbage-first heap   total 239616K, used 76032K [0x0000000704c00000, 0x0000000800000000)
  region size 2048K, 5 young (10240K), 5 survivors (10240K)
 Metaspace       used 70138K, committed 71616K, reserved 1114112K
  class space    used 8107K, committed 8768K, reserved 1048576K
}
Event: 120.565 GC heap before
{Heap before GC invocations=36 (full 0):
 garbage-first heap   total 239616K, used 209152K [0x0000000704c00000, 0x0000000800000000)
  region size 2048K, 70 young (143360K), 5 survivors (10240K)
 Metaspace       used 70170K, committed 71616K, reserved 1114112K
  class space    used 8109K, committed 8768K, reserved 1048576K
}
Event: 120.573 GC heap after
{Heap after GC invocations=37 (full 0):
 garbage-first heap   total 239616K, used 77425K [0x0000000704c00000, 0x0000000800000000)
  region size 2048K, 6 young (12288K), 6 survivors (12288K)
 Metaspace       used 70170K, committed 71616K, reserved 1114112K
  class space    used 8109K, committed 8768K, reserved 1048576K
}
Event: 123.189 GC heap before
{Heap before GC invocations=37 (full 0):
 garbage-first heap   total 239616K, used 208497K [0x0000000704c00000, 0x0000000800000000)
  region size 2048K, 70 young (143360K), 6 survivors (12288K)
 Metaspace       used 70690K, committed 72256K, reserved 1114112K
  class space    used 8162K, committed 8832K, reserved 1048576K
}
Event: 123.195 GC heap after
{Heap after GC invocations=38 (full 0):
 garbage-first heap   total 239616K, used 79390K [0x0000000704c00000, 0x0000000800000000)
  region size 2048K, 6 young (12288K), 6 survivors (12288K)
 Metaspace       used 70690K, committed 72256K, reserved 1114112K
  class space    used 8162K, committed 8832K, reserved 1048576K
}
Event: 123.576 GC heap before
{Heap before GC invocations=38 (full 0):
 garbage-first heap   total 239616K, used 210462K [0x0000000704c00000, 0x0000000800000000)
  region size 2048K, 70 young (143360K), 6 survivors (12288K)
 Metaspace       used 71451K, committed 73024K, reserved 1114112K
  class space    used 8223K, committed 8896K, reserved 1048576K
}
Event: 123.584 GC heap after
{Heap after GC invocations=39 (full 0):
 garbage-first heap   total 239616K, used 82059K [0x0000000704c00000, 0x0000000800000000)
  region size 2048K, 7 young (14336K), 7 survivors (14336K)
 Metaspace       used 71451K, committed 73024K, reserved 1114112K
  class space    used 8223K, committed 8896K, reserved 1048576K
}
Event: 123.896 GC heap before
{Heap before GC invocations=40 (full 0):
 garbage-first heap   total 239616K, used 209035K [0x0000000704c00000, 0x0000000800000000)
  region size 2048K, 70 young (143360K), 7 survivors (14336K)
 Metaspace       used 72145K, committed 73728K, reserved 1114112K
  class space    used 8289K, committed 8960K, reserved 1048576K
}
Event: 123.901 GC heap after
{Heap after GC invocations=41 (full 0):
 garbage-first heap   total 239616K, used 83292K [0x0000000704c00000, 0x0000000800000000)
  region size 2048K, 6 young (12288K), 6 survivors (12288K)
 Metaspace       used 72145K, committed 73728K, reserved 1114112K
  class space    used 8289K, committed 8960K, reserved 1048576K
}

